<?xml version="1.0" encoding="UTF-8"?>
<coverage generated="1682716284">
  <project timestamp="1682716284">
    <file name="/var/www/html/app/Console/Kernel.php">
      <class name="App\Console\Kernel" namespace="global">
        <metrics complexity="2" methods="1" coveredmethods="1" conditionals="0" coveredconditionals="0" statements="2" coveredstatements="2" elements="3" coveredelements="3"/>
      </class>
      <line num="22" type="method" name="commands" visibility="protected" complexity="1" crap="1" count="230"/>
      <line num="24" type="stmt" count="230"/>
      <line num="26" type="stmt" count="230"/>
      <metrics loc="29" ncloc="21" classes="1" methods="1" coveredmethods="1" conditionals="0" coveredconditionals="0" statements="2" coveredstatements="2" elements="3" coveredelements="3"/>
    </file>
    <file name="/var/www/html/app/DTO/ConfigurationDTO.php">
      <class name="App\DTO\ConfigurationDTO" namespace="global">
        <metrics complexity="10" methods="10" coveredmethods="10" conditionals="0" coveredconditionals="0" statements="10" coveredstatements="10" elements="20" coveredelements="20"/>
      </class>
      <line num="16" type="method" name="getId" visibility="public" complexity="1" crap="1" count="2"/>
      <line num="18" type="stmt" count="2"/>
      <line num="24" type="method" name="setId" visibility="public" complexity="1" crap="1" count="3"/>
      <line num="26" type="stmt" count="3"/>
      <line num="32" type="method" name="getName" visibility="public" complexity="1" crap="1" count="5"/>
      <line num="34" type="stmt" count="5"/>
      <line num="40" type="method" name="setName" visibility="public" complexity="1" crap="1" count="6"/>
      <line num="42" type="stmt" count="6"/>
      <line num="48" type="method" name="getValue" visibility="public" complexity="1" crap="1" count="5"/>
      <line num="50" type="stmt" count="5"/>
      <line num="56" type="method" name="setValue" visibility="public" complexity="1" crap="1" count="6"/>
      <line num="58" type="stmt" count="6"/>
      <line num="64" type="method" name="getCreatedAt" visibility="public" complexity="1" crap="1" count="2"/>
      <line num="66" type="stmt" count="2"/>
      <line num="72" type="method" name="setCreatedAt" visibility="public" complexity="1" crap="1" count="3"/>
      <line num="74" type="stmt" count="3"/>
      <line num="80" type="method" name="getUpdatedAt" visibility="public" complexity="1" crap="1" count="2"/>
      <line num="82" type="stmt" count="2"/>
      <line num="88" type="method" name="setUpdatedAt" visibility="public" complexity="1" crap="1" count="3"/>
      <line num="90" type="stmt" count="3"/>
      <metrics loc="92" ncloc="62" classes="1" methods="10" coveredmethods="10" conditionals="0" coveredconditionals="0" statements="10" coveredstatements="10" elements="20" coveredelements="20"/>
    </file>
    <file name="/var/www/html/app/DTO/CreditCardDTO.php">
      <class name="App\DTO\CreditCardDTO" namespace="global">
        <metrics complexity="14" methods="14" coveredmethods="14" conditionals="0" coveredconditionals="0" statements="14" coveredstatements="14" elements="28" coveredelements="28"/>
      </class>
      <line num="18" type="method" name="getId" visibility="public" complexity="1" crap="1" count="3"/>
      <line num="20" type="stmt" count="3"/>
      <line num="26" type="method" name="setId" visibility="public" complexity="1" crap="1" count="3"/>
      <line num="28" type="stmt" count="3"/>
      <line num="34" type="method" name="getName" visibility="public" complexity="1" crap="1" count="4"/>
      <line num="36" type="stmt" count="4"/>
      <line num="42" type="method" name="setName" visibility="public" complexity="1" crap="1" count="4"/>
      <line num="44" type="stmt" count="4"/>
      <line num="50" type="method" name="getLimit" visibility="public" complexity="1" crap="1" count="4"/>
      <line num="52" type="stmt" count="4"/>
      <line num="58" type="method" name="setLimit" visibility="public" complexity="1" crap="1" count="4"/>
      <line num="60" type="stmt" count="4"/>
      <line num="66" type="method" name="getDueDate" visibility="public" complexity="1" crap="1" count="4"/>
      <line num="68" type="stmt" count="4"/>
      <line num="74" type="method" name="setDueDate" visibility="public" complexity="1" crap="1" count="4"/>
      <line num="76" type="stmt" count="4"/>
      <line num="82" type="method" name="getClosingDay" visibility="public" complexity="1" crap="1" count="4"/>
      <line num="84" type="stmt" count="4"/>
      <line num="90" type="method" name="setClosingDay" visibility="public" complexity="1" crap="1" count="4"/>
      <line num="92" type="stmt" count="4"/>
      <line num="98" type="method" name="getCreatedAt" visibility="public" complexity="1" crap="1" count="3"/>
      <line num="100" type="stmt" count="3"/>
      <line num="106" type="method" name="setCreatedAt" visibility="public" complexity="1" crap="1" count="3"/>
      <line num="108" type="stmt" count="3"/>
      <line num="114" type="method" name="getUpdatedAt" visibility="public" complexity="1" crap="1" count="3"/>
      <line num="116" type="stmt" count="3"/>
      <line num="122" type="method" name="setUpdatedAt" visibility="public" complexity="1" crap="1" count="3"/>
      <line num="124" type="stmt" count="3"/>
      <metrics loc="126" ncloc="84" classes="1" methods="14" coveredmethods="14" conditionals="0" coveredconditionals="0" statements="14" coveredstatements="14" elements="28" coveredelements="28"/>
    </file>
    <file name="/var/www/html/app/DTO/CreditCardTransactionDTO.php">
      <class name="App\DTO\CreditCardTransactionDTO" namespace="global">
        <metrics complexity="16" methods="16" coveredmethods="16" conditionals="0" coveredconditionals="0" statements="16" coveredstatements="16" elements="32" coveredelements="32"/>
      </class>
      <line num="19" type="method" name="getId" visibility="public" complexity="1" crap="1" count="3"/>
      <line num="21" type="stmt" count="3"/>
      <line num="27" type="method" name="setId" visibility="public" complexity="1" crap="1" count="3"/>
      <line num="29" type="stmt" count="3"/>
      <line num="35" type="method" name="getCreditCardId" visibility="public" complexity="1" crap="1" count="4"/>
      <line num="37" type="stmt" count="4"/>
      <line num="43" type="method" name="setCreditCardId" visibility="public" complexity="1" crap="1" count="4"/>
      <line num="45" type="stmt" count="4"/>
      <line num="51" type="method" name="getName" visibility="public" complexity="1" crap="1" count="4"/>
      <line num="53" type="stmt" count="4"/>
      <line num="59" type="method" name="setName" visibility="public" complexity="1" crap="1" count="4"/>
      <line num="61" type="stmt" count="4"/>
      <line num="67" type="method" name="getValue" visibility="public" complexity="1" crap="1" count="4"/>
      <line num="69" type="stmt" count="4"/>
      <line num="75" type="method" name="setValue" visibility="public" complexity="1" crap="1" count="4"/>
      <line num="77" type="stmt" count="4"/>
      <line num="83" type="method" name="getInstallments" visibility="public" complexity="1" crap="1" count="4"/>
      <line num="85" type="stmt" count="4"/>
      <line num="91" type="method" name="setInstallments" visibility="public" complexity="1" crap="1" count="4"/>
      <line num="93" type="stmt" count="4"/>
      <line num="99" type="method" name="getNextInstallment" visibility="public" complexity="1" crap="1" count="4"/>
      <line num="101" type="stmt" count="4"/>
      <line num="107" type="method" name="setNextInstallment" visibility="public" complexity="1" crap="1" count="4"/>
      <line num="109" type="stmt" count="4"/>
      <line num="115" type="method" name="getCreatedAt" visibility="public" complexity="1" crap="1" count="3"/>
      <line num="117" type="stmt" count="3"/>
      <line num="123" type="method" name="setCreatedAt" visibility="public" complexity="1" crap="1" count="4"/>
      <line num="125" type="stmt" count="4"/>
      <line num="131" type="method" name="getUpdatedAt" visibility="public" complexity="1" crap="1" count="3"/>
      <line num="133" type="stmt" count="3"/>
      <line num="139" type="method" name="setUpdatedAt" visibility="public" complexity="1" crap="1" count="4"/>
      <line num="141" type="stmt" count="4"/>
      <metrics loc="143" ncloc="95" classes="1" methods="16" coveredmethods="16" conditionals="0" coveredconditionals="0" statements="16" coveredstatements="16" elements="32" coveredelements="32"/>
    </file>
    <file name="/var/www/html/app/DTO/DatePeriodDTO.php">
      <class name="App\DTO\DatePeriodDTO" namespace="global">
        <metrics complexity="3" methods="3" coveredmethods="3" conditionals="0" coveredconditionals="0" statements="4" coveredstatements="4" elements="7" coveredelements="7"/>
      </class>
      <line num="10" type="method" name="__construct" visibility="public" complexity="1" crap="1" count="47"/>
      <line num="12" type="stmt" count="47"/>
      <line num="13" type="stmt" count="47"/>
      <line num="16" type="method" name="getStartDate" visibility="public" complexity="1" crap="1" count="38"/>
      <line num="18" type="stmt" count="38"/>
      <line num="21" type="method" name="getEndDate" visibility="public" complexity="1" crap="1" count="38"/>
      <line num="23" type="stmt" count="38"/>
      <metrics loc="25" ncloc="25" classes="1" methods="3" coveredmethods="3" conditionals="0" coveredconditionals="0" statements="4" coveredstatements="4" elements="7" coveredelements="7"/>
    </file>
    <file name="/var/www/html/app/DTO/FutureGainDTO.php">
      <class name="App\DTO\FutureGainDTO" namespace="global">
        <metrics complexity="18" methods="18" coveredmethods="18" conditionals="0" coveredconditionals="0" statements="18" coveredstatements="18" elements="36" coveredelements="36"/>
      </class>
      <line num="20" type="method" name="getId" visibility="public" complexity="1" crap="1" count="9"/>
      <line num="22" type="stmt" count="9"/>
      <line num="28" type="method" name="setId" visibility="public" complexity="1" crap="1" count="13"/>
      <line num="30" type="stmt" count="13"/>
      <line num="36" type="method" name="getWalletId" visibility="public" complexity="1" crap="1" count="8"/>
      <line num="38" type="stmt" count="8"/>
      <line num="44" type="method" name="setWalletId" visibility="public" complexity="1" crap="1" count="13"/>
      <line num="46" type="stmt" count="13"/>
      <line num="52" type="method" name="getWalletName" visibility="public" complexity="1" crap="1" count="5"/>
      <line num="54" type="stmt" count="5"/>
      <line num="60" type="method" name="setWalletName" visibility="public" complexity="1" crap="1" count="11"/>
      <line num="62" type="stmt" count="11"/>
      <line num="68" type="method" name="getDescription" visibility="public" complexity="1" crap="1" count="8"/>
      <line num="70" type="stmt" count="8"/>
      <line num="76" type="method" name="setDescription" visibility="public" complexity="1" crap="1" count="13"/>
      <line num="78" type="stmt" count="13"/>
      <line num="84" type="method" name="getAmount" visibility="public" complexity="1" crap="1" count="10"/>
      <line num="86" type="stmt" count="10"/>
      <line num="92" type="method" name="setAmount" visibility="public" complexity="1" crap="1" count="13"/>
      <line num="94" type="stmt" count="13"/>
      <line num="100" type="method" name="getInstallments" visibility="public" complexity="1" crap="1" count="10"/>
      <line num="102" type="stmt" count="10"/>
      <line num="108" type="method" name="setInstallments" visibility="public" complexity="1" crap="1" count="12"/>
      <line num="110" type="stmt" count="12"/>
      <line num="116" type="method" name="getForecast" visibility="public" complexity="1" crap="1" count="8"/>
      <line num="118" type="stmt" count="8"/>
      <line num="124" type="method" name="setForecast" visibility="public" complexity="1" crap="1" count="12"/>
      <line num="126" type="stmt" count="12"/>
      <line num="132" type="method" name="getCreatedAt" visibility="public" complexity="1" crap="1" count="5"/>
      <line num="134" type="stmt" count="5"/>
      <line num="140" type="method" name="setCreatedAt" visibility="public" complexity="1" crap="1" count="6"/>
      <line num="142" type="stmt" count="6"/>
      <line num="148" type="method" name="getUpdatedAt" visibility="public" complexity="1" crap="1" count="5"/>
      <line num="150" type="stmt" count="5"/>
      <line num="156" type="method" name="setUpdatedAt" visibility="public" complexity="1" crap="1" count="6"/>
      <line num="158" type="stmt" count="6"/>
      <metrics loc="160" ncloc="106" classes="1" methods="18" coveredmethods="18" conditionals="0" coveredconditionals="0" statements="18" coveredstatements="18" elements="36" coveredelements="36"/>
    </file>
    <file name="/var/www/html/app/DTO/FutureSpentDTO.php">
      <class name="App\DTO\FutureSpentDTO" namespace="global">
        <metrics complexity="18" methods="18" coveredmethods="18" conditionals="0" coveredconditionals="0" statements="18" coveredstatements="18" elements="36" coveredelements="36"/>
      </class>
      <line num="20" type="method" name="getId" visibility="public" complexity="1" crap="1" count="9"/>
      <line num="22" type="stmt" count="9"/>
      <line num="28" type="method" name="setId" visibility="public" complexity="1" crap="1" count="13"/>
      <line num="30" type="stmt" count="13"/>
      <line num="36" type="method" name="getWalletId" visibility="public" complexity="1" crap="1" count="8"/>
      <line num="38" type="stmt" count="8"/>
      <line num="44" type="method" name="setWalletName" visibility="public" complexity="1" crap="1" count="11"/>
      <line num="46" type="stmt" count="11"/>
      <line num="52" type="method" name="setWalletId" visibility="public" complexity="1" crap="1" count="13"/>
      <line num="54" type="stmt" count="13"/>
      <line num="60" type="method" name="getWalletName" visibility="public" complexity="1" crap="1" count="5"/>
      <line num="62" type="stmt" count="5"/>
      <line num="68" type="method" name="getDescription" visibility="public" complexity="1" crap="1" count="8"/>
      <line num="70" type="stmt" count="8"/>
      <line num="76" type="method" name="setDescription" visibility="public" complexity="1" crap="1" count="13"/>
      <line num="78" type="stmt" count="13"/>
      <line num="84" type="method" name="getAmount" visibility="public" complexity="1" crap="1" count="10"/>
      <line num="86" type="stmt" count="10"/>
      <line num="92" type="method" name="setAmount" visibility="public" complexity="1" crap="1" count="13"/>
      <line num="94" type="stmt" count="13"/>
      <line num="100" type="method" name="getInstallments" visibility="public" complexity="1" crap="1" count="10"/>
      <line num="102" type="stmt" count="10"/>
      <line num="108" type="method" name="setInstallments" visibility="public" complexity="1" crap="1" count="12"/>
      <line num="110" type="stmt" count="12"/>
      <line num="116" type="method" name="getForecast" visibility="public" complexity="1" crap="1" count="8"/>
      <line num="118" type="stmt" count="8"/>
      <line num="124" type="method" name="setForecast" visibility="public" complexity="1" crap="1" count="12"/>
      <line num="126" type="stmt" count="12"/>
      <line num="132" type="method" name="getCreatedAt" visibility="public" complexity="1" crap="1" count="5"/>
      <line num="134" type="stmt" count="5"/>
      <line num="140" type="method" name="setCreatedAt" visibility="public" complexity="1" crap="1" count="6"/>
      <line num="142" type="stmt" count="6"/>
      <line num="148" type="method" name="getUpdatedAt" visibility="public" complexity="1" crap="1" count="5"/>
      <line num="150" type="stmt" count="5"/>
      <line num="156" type="method" name="setUpdatedAt" visibility="public" complexity="1" crap="1" count="6"/>
      <line num="158" type="stmt" count="6"/>
      <metrics loc="160" ncloc="106" classes="1" methods="18" coveredmethods="18" conditionals="0" coveredconditionals="0" statements="18" coveredstatements="18" elements="36" coveredelements="36"/>
    </file>
    <file name="/var/www/html/app/DTO/InvoiceItemDTO.php">
      <class name="App\DTO\InvoiceItemDTO" namespace="global">
        <metrics complexity="16" methods="16" coveredmethods="16" conditionals="0" coveredconditionals="0" statements="22" coveredstatements="22" elements="38" coveredelements="38"/>
      </class>
      <line num="15" type="method" name="__construct" visibility="public" complexity="1" crap="1" count="27"/>
      <line num="24" type="stmt" count="27"/>
      <line num="25" type="stmt" count="27"/>
      <line num="26" type="stmt" count="27"/>
      <line num="27" type="stmt" count="27"/>
      <line num="28" type="stmt" count="27"/>
      <line num="29" type="stmt" count="27"/>
      <line num="30" type="stmt" count="27"/>
      <line num="36" type="method" name="getId" visibility="public" complexity="1" crap="1" count="27"/>
      <line num="38" type="stmt" count="27"/>
      <line num="44" type="method" name="setId" visibility="protected" complexity="1" crap="1" count="27"/>
      <line num="46" type="stmt" count="27"/>
      <line num="52" type="method" name="getCountId" visibility="public" complexity="1" crap="1" count="27"/>
      <line num="54" type="stmt" count="27"/>
      <line num="60" type="method" name="setCountName" visibility="protected" complexity="1" crap="1" count="27"/>
      <line num="62" type="stmt" count="27"/>
      <line num="68" type="method" name="getCountName" visibility="public" complexity="1" crap="1" count="26"/>
      <line num="70" type="stmt" count="26"/>
      <line num="76" type="method" name="setCountId" visibility="protected" complexity="1" crap="1" count="27"/>
      <line num="78" type="stmt" count="27"/>
      <line num="84" type="method" name="getDescription" visibility="public" complexity="1" crap="1" count="27"/>
      <line num="86" type="stmt" count="27"/>
      <line num="92" type="method" name="setDescription" visibility="protected" complexity="1" crap="1" count="27"/>
      <line num="94" type="stmt" count="27"/>
      <line num="100" type="method" name="getValue" visibility="public" complexity="1" crap="1" count="26"/>
      <line num="102" type="stmt" count="26"/>
      <line num="108" type="method" name="setValue" visibility="protected" complexity="1" crap="1" count="27"/>
      <line num="110" type="stmt" count="27"/>
      <line num="116" type="method" name="getNextInstallment" visibility="public" complexity="1" crap="1" count="4"/>
      <line num="118" type="stmt" count="4"/>
      <line num="124" type="method" name="getNextInstallmentMonth" visibility="public" complexity="1" crap="1" count="24"/>
      <line num="126" type="stmt" count="24"/>
      <line num="132" type="method" name="setNextInstallment" visibility="protected" complexity="1" crap="1" count="27"/>
      <line num="134" type="stmt" count="27"/>
      <line num="140" type="method" name="getInstallments" visibility="public" complexity="1" crap="1" count="27"/>
      <line num="142" type="stmt" count="27"/>
      <line num="148" type="method" name="setInstallments" visibility="protected" complexity="1" crap="1" count="27"/>
      <line num="150" type="stmt" count="27"/>
      <metrics loc="152" ncloc="107" classes="1" methods="16" coveredmethods="16" conditionals="0" coveredconditionals="0" statements="22" coveredstatements="22" elements="38" coveredelements="38"/>
    </file>
    <file name="/var/www/html/app/DTO/MovementDTO.php">
      <class name="App\DTO\MovementDTO" namespace="global">
        <metrics complexity="16" methods="16" coveredmethods="16" conditionals="0" coveredconditionals="0" statements="16" coveredstatements="16" elements="32" coveredelements="32"/>
      </class>
      <line num="19" type="method" name="getId" visibility="public" complexity="1" crap="1" count="6"/>
      <line num="21" type="stmt" count="6"/>
      <line num="27" type="method" name="setId" visibility="public" complexity="1" crap="1" count="9"/>
      <line num="29" type="stmt" count="9"/>
      <line num="35" type="method" name="getWalletId" visibility="public" complexity="1" crap="1" count="12"/>
      <line num="37" type="stmt" count="12"/>
      <line num="43" type="method" name="setWalletId" visibility="public" complexity="1" crap="1" count="13"/>
      <line num="45" type="stmt" count="13"/>
      <line num="51" type="method" name="getWalletName" visibility="public" complexity="1" crap="1" count="3"/>
      <line num="53" type="stmt" count="3"/>
      <line num="59" type="method" name="setWalletName" visibility="public" complexity="1" crap="1" count="4"/>
      <line num="61" type="stmt" count="4"/>
      <line num="67" type="method" name="getDescription" visibility="public" complexity="1" crap="1" count="7"/>
      <line num="69" type="stmt" count="7"/>
      <line num="75" type="method" name="setDescription" visibility="public" complexity="1" crap="1" count="13"/>
      <line num="77" type="stmt" count="13"/>
      <line num="83" type="method" name="getType" visibility="public" complexity="1" crap="1" count="12"/>
      <line num="85" type="stmt" count="12"/>
      <line num="91" type="method" name="setType" visibility="public" complexity="1" crap="1" count="13"/>
      <line num="93" type="stmt" count="13"/>
      <line num="99" type="method" name="getAmount" visibility="public" complexity="1" crap="1" count="12"/>
      <line num="101" type="stmt" count="12"/>
      <line num="107" type="method" name="setAmount" visibility="public" complexity="1" crap="1" count="13"/>
      <line num="109" type="stmt" count="13"/>
      <line num="115" type="method" name="getCreatedAt" visibility="public" complexity="1" crap="1" count="4"/>
      <line num="117" type="stmt" count="4"/>
      <line num="123" type="method" name="setCreatedAt" visibility="public" complexity="1" crap="1" count="5"/>
      <line num="125" type="stmt" count="5"/>
      <line num="131" type="method" name="getUpdatedAt" visibility="public" complexity="1" crap="1" count="4"/>
      <line num="133" type="stmt" count="4"/>
      <line num="139" type="method" name="setUpdatedAt" visibility="public" complexity="1" crap="1" count="5"/>
      <line num="141" type="stmt" count="5"/>
      <metrics loc="143" ncloc="95" classes="1" methods="16" coveredmethods="16" conditionals="0" coveredconditionals="0" statements="16" coveredstatements="16" elements="32" coveredelements="32"/>
    </file>
    <file name="/var/www/html/app/DTO/UserDTO.php">
      <class name="App\DTO\UserDTO" namespace="global">
        <metrics complexity="20" methods="20" coveredmethods="20" conditionals="0" coveredconditionals="0" statements="20" coveredstatements="20" elements="40" coveredelements="40"/>
      </class>
      <line num="21" type="method" name="getId" visibility="public" complexity="1" crap="1" count="3"/>
      <line num="23" type="stmt" count="3"/>
      <line num="29" type="method" name="setId" visibility="public" complexity="1" crap="1" count="3"/>
      <line num="31" type="stmt" count="3"/>
      <line num="37" type="method" name="getName" visibility="public" complexity="1" crap="1" count="5"/>
      <line num="39" type="stmt" count="5"/>
      <line num="45" type="method" name="setName" visibility="public" complexity="1" crap="1" count="5"/>
      <line num="47" type="stmt" count="5"/>
      <line num="53" type="method" name="getEmail" visibility="public" complexity="1" crap="1" count="5"/>
      <line num="55" type="stmt" count="5"/>
      <line num="61" type="method" name="setEmail" visibility="public" complexity="1" crap="1" count="5"/>
      <line num="63" type="stmt" count="5"/>
      <line num="69" type="method" name="getPassword" visibility="public" complexity="1" crap="1" count="3"/>
      <line num="71" type="stmt" count="3"/>
      <line num="77" type="method" name="setPassword" visibility="public" complexity="1" crap="1" count="3"/>
      <line num="79" type="stmt" count="3"/>
      <line num="85" type="method" name="getUniqueId" visibility="public" complexity="1" crap="1" count="1"/>
      <line num="87" type="stmt" count="1"/>
      <line num="93" type="method" name="setUniqueId" visibility="public" complexity="1" crap="1" count="1"/>
      <line num="95" type="stmt" count="1"/>
      <line num="101" type="method" name="getStatus" visibility="public" complexity="1" crap="1" count="5"/>
      <line num="103" type="stmt" count="5"/>
      <line num="109" type="method" name="setStatus" visibility="public" complexity="1" crap="1" count="5"/>
      <line num="111" type="stmt" count="5"/>
      <line num="117" type="method" name="getSalary" visibility="public" complexity="1" crap="1" count="5"/>
      <line num="119" type="stmt" count="5"/>
      <line num="125" type="method" name="setSalary" visibility="public" complexity="1" crap="1" count="5"/>
      <line num="127" type="stmt" count="5"/>
      <line num="133" type="method" name="getCreatedAt" visibility="public" complexity="1" crap="1" count="3"/>
      <line num="135" type="stmt" count="3"/>
      <line num="141" type="method" name="setCreatedAt" visibility="public" complexity="1" crap="1" count="3"/>
      <line num="143" type="stmt" count="3"/>
      <line num="149" type="method" name="getUpdatedAt" visibility="public" complexity="1" crap="1" count="3"/>
      <line num="151" type="stmt" count="3"/>
      <line num="157" type="method" name="setUpdatedAt" visibility="public" complexity="1" crap="1" count="3"/>
      <line num="159" type="stmt" count="3"/>
      <line num="165" type="method" name="getEmailVerifiedAt" visibility="public" complexity="1" crap="1" count="3"/>
      <line num="167" type="stmt" count="3"/>
      <line num="173" type="method" name="setEmailVerifiedAt" visibility="public" complexity="1" crap="1" count="3"/>
      <line num="175" type="stmt" count="3"/>
      <metrics loc="177" ncloc="117" classes="1" methods="20" coveredmethods="20" conditionals="0" coveredconditionals="0" statements="20" coveredstatements="20" elements="40" coveredelements="40"/>
    </file>
    <file name="/var/www/html/app/DTO/WalletDTO.php">
      <class name="App\DTO\WalletDTO" namespace="global">
        <metrics complexity="14" methods="14" coveredmethods="14" conditionals="0" coveredconditionals="0" statements="14" coveredstatements="14" elements="28" coveredelements="28"/>
      </class>
      <line num="18" type="method" name="getId" visibility="public" complexity="1" crap="1" count="6"/>
      <line num="20" type="stmt" count="6"/>
      <line num="26" type="method" name="setId" visibility="public" complexity="1" crap="1" count="9"/>
      <line num="28" type="stmt" count="9"/>
      <line num="34" type="method" name="getName" visibility="public" complexity="1" crap="1" count="5"/>
      <line num="36" type="stmt" count="5"/>
      <line num="42" type="method" name="setName" visibility="public" complexity="1" crap="1" count="6"/>
      <line num="44" type="stmt" count="6"/>
      <line num="50" type="method" name="getType" visibility="public" complexity="1" crap="1" count="5"/>
      <line num="52" type="stmt" count="5"/>
      <line num="58" type="method" name="setType" visibility="public" complexity="1" crap="1" count="9"/>
      <line num="60" type="stmt" count="9"/>
      <line num="66" type="method" name="getMovementAlreadyDone" visibility="public" complexity="1" crap="1" count="4"/>
      <line num="68" type="stmt" count="4"/>
      <line num="74" type="method" name="setMovementAlreadyDone" visibility="public" complexity="1" crap="1" count="4"/>
      <line num="76" type="stmt" count="4"/>
      <line num="82" type="method" name="getAmount" visibility="public" complexity="1" crap="1" count="9"/>
      <line num="84" type="stmt" count="9"/>
      <line num="90" type="method" name="setAmount" visibility="public" complexity="1" crap="1" count="10"/>
      <line num="92" type="stmt" count="10"/>
      <line num="98" type="method" name="getCreatedAt" visibility="public" complexity="1" crap="1" count="4"/>
      <line num="100" type="stmt" count="4"/>
      <line num="106" type="method" name="setCreatedAt" visibility="public" complexity="1" crap="1" count="6"/>
      <line num="108" type="stmt" count="6"/>
      <line num="114" type="method" name="getUpdatedAt" visibility="public" complexity="1" crap="1" count="4"/>
      <line num="116" type="stmt" count="4"/>
      <line num="122" type="method" name="setUpdatedAt" visibility="public" complexity="1" crap="1" count="6"/>
      <line num="124" type="stmt" count="6"/>
      <metrics loc="126" ncloc="84" classes="1" methods="14" coveredmethods="14" conditionals="0" coveredconditionals="0" statements="14" coveredstatements="14" elements="28" coveredelements="28"/>
    </file>
    <file name="/var/www/html/app/Enums/BasicFieldsEnum.php">
      <class name="App\Enums\BasicFieldsEnum" namespace="global">
        <metrics complexity="0" methods="0" coveredmethods="0" conditionals="0" coveredconditionals="0" statements="0" coveredstatements="0" elements="0" coveredelements="0"/>
      </class>
      <metrics loc="36" ncloc="36" classes="0" methods="0" coveredmethods="0" conditionals="0" coveredconditionals="0" statements="0" coveredstatements="0" elements="0" coveredelements="0"/>
    </file>
    <file name="/var/www/html/app/Enums/ConfigEnum.php">
      <class name="App\Enums\ConfigEnum" namespace="global">
        <metrics complexity="0" methods="0" coveredmethods="0" conditionals="0" coveredconditionals="0" statements="0" coveredstatements="0" elements="0" coveredelements="0"/>
      </class>
      <metrics loc="8" ncloc="8" classes="0" methods="0" coveredmethods="0" conditionals="0" coveredconditionals="0" statements="0" coveredstatements="0" elements="0" coveredelements="0"/>
    </file>
    <file name="/var/www/html/app/Enums/DateEnum.php">
      <class name="App\Enums\DateEnum" namespace="global">
        <metrics complexity="1" methods="1" coveredmethods="1" conditionals="0" coveredconditionals="0" statements="14" coveredstatements="14" elements="15" coveredelements="15"/>
      </class>
      <line num="26" type="method" name="getMonthNameByNumber" visibility="public" complexity="1" crap="1" count="2"/>
      <line num="28" type="stmt" count="2"/>
      <line num="29" type="stmt" count="2"/>
      <line num="30" type="stmt" count="2"/>
      <line num="31" type="stmt" count="2"/>
      <line num="32" type="stmt" count="2"/>
      <line num="33" type="stmt" count="2"/>
      <line num="34" type="stmt" count="2"/>
      <line num="35" type="stmt" count="2"/>
      <line num="36" type="stmt" count="2"/>
      <line num="37" type="stmt" count="2"/>
      <line num="38" type="stmt" count="2"/>
      <line num="39" type="stmt" count="2"/>
      <line num="40" type="stmt" count="2"/>
      <line num="41" type="stmt" count="2"/>
      <metrics loc="43" ncloc="43" classes="1" methods="1" coveredmethods="1" conditionals="0" coveredconditionals="0" statements="14" coveredstatements="14" elements="15" coveredelements="15"/>
    </file>
    <file name="/var/www/html/app/Enums/InvoiceEnum.php">
      <metrics loc="10" ncloc="10" classes="0" methods="0" coveredmethods="0" conditionals="0" coveredconditionals="0" statements="0" coveredstatements="0" elements="0" coveredelements="0"/>
    </file>
    <file name="/var/www/html/app/Enums/MovementEnum.php">
      <class name="App\Enums\MovementEnum" namespace="global">
        <metrics complexity="0" methods="0" coveredmethods="0" conditionals="0" coveredconditionals="0" statements="0" coveredstatements="0" elements="0" coveredelements="0"/>
      </class>
      <metrics loc="13" ncloc="13" classes="0" methods="0" coveredmethods="0" conditionals="0" coveredconditionals="0" statements="0" coveredstatements="0" elements="0" coveredelements="0"/>
    </file>
    <file name="/var/www/html/app/Enums/RouteEnum.php">
      <class name="App\Enums\RouteEnum" namespace="global">
        <metrics complexity="0" methods="0" coveredmethods="0" conditionals="0" coveredconditionals="0" statements="0" coveredstatements="0" elements="0" coveredelements="0"/>
      </class>
      <metrics loc="54" ncloc="54" classes="0" methods="0" coveredmethods="0" conditionals="0" coveredconditionals="0" statements="0" coveredstatements="0" elements="0" coveredelements="0"/>
    </file>
    <file name="/var/www/html/app/Enums/ViewEnum.php">
      <metrics loc="9" ncloc="9" classes="0" methods="0" coveredmethods="0" conditionals="0" coveredconditionals="0" statements="0" coveredstatements="0" elements="0" coveredelements="0"/>
    </file>
    <file name="/var/www/html/app/Enums/WalletEnum.php">
      <class name="App\Enums\WalletEnum" namespace="global">
        <metrics complexity="0" methods="0" coveredmethods="0" conditionals="0" coveredconditionals="0" statements="0" coveredstatements="0" elements="0" coveredelements="0"/>
      </class>
      <metrics loc="12" ncloc="12" classes="0" methods="0" coveredmethods="0" conditionals="0" coveredconditionals="0" statements="0" coveredstatements="0" elements="0" coveredelements="0"/>
    </file>
    <file name="/var/www/html/app/Exceptions/Handler.php">
      <class name="App\Exceptions\Handler" namespace="global">
        <metrics complexity="1" methods="1" coveredmethods="1" conditionals="0" coveredconditionals="0" statements="2" coveredstatements="2" elements="3" coveredelements="3"/>
      </class>
      <line num="42" type="method" name="register" visibility="public" complexity="1" crap="1" count="230"/>
      <line num="44" type="stmt" count="230"/>
      <line num="46" type="stmt" count="230"/>
      <metrics loc="49" ncloc="30" classes="1" methods="1" coveredmethods="1" conditionals="0" coveredconditionals="0" statements="2" coveredstatements="2" elements="3" coveredelements="3"/>
    </file>
    <file name="/var/www/html/app/Exceptions/NotImplementedException.php">
      <class name="App\Exceptions\NotImplementedException" namespace="global">
        <metrics complexity="0" methods="0" coveredmethods="0" conditionals="0" coveredconditionals="0" statements="0" coveredstatements="0" elements="0" coveredelements="0"/>
      </class>
      <metrics loc="10" ncloc="10" classes="0" methods="0" coveredmethods="0" conditionals="0" coveredconditionals="0" statements="0" coveredstatements="0" elements="0" coveredelements="0"/>
    </file>
    <file name="/var/www/html/app/Factory/InvoiceFactory.php">
      <class name="App\Factory\InvoiceFactory" namespace="global">
        <metrics complexity="13" methods="6" coveredmethods="5" conditionals="0" coveredconditionals="0" statements="41" coveredstatements="31" elements="47" coveredelements="36"/>
      </class>
      <line num="17" type="method" name="factoryInvoice" visibility="public" complexity="5" crap="5" count="22"/>
      <line num="19" type="stmt" count="22"/>
      <line num="20" type="stmt" count="22"/>
      <line num="21" type="stmt" count="22"/>
      <line num="22" type="stmt" count="22"/>
      <line num="23" type="stmt" count="22"/>
      <line num="24" type="stmt" count="22"/>
      <line num="25" type="stmt" count="22"/>
      <line num="26" type="stmt" count="22"/>
      <line num="27" type="stmt" count="22"/>
      <line num="29" type="stmt" count="20"/>
      <line num="30" type="stmt" count="20"/>
      <line num="31" type="stmt" count="20"/>
      <line num="32" type="stmt" count="13"/>
      <line num="34" type="stmt" count="12"/>
      <line num="37" type="stmt" count="22"/>
      <line num="40" type="method" name="getInstallmentBaseArray" visibility="protected" complexity="1" crap="1" count="22"/>
      <line num="42" type="stmt" count="22"/>
      <line num="43" type="stmt" count="22"/>
      <line num="44" type="stmt" count="22"/>
      <line num="45" type="stmt" count="22"/>
      <line num="46" type="stmt" count="22"/>
      <line num="47" type="stmt" count="22"/>
      <line num="48" type="stmt" count="22"/>
      <line num="49" type="stmt" count="22"/>
      <line num="52" type="method" name="normalizeInstallments" visibility="protected" complexity="2" crap="2" count="22"/>
      <line num="54" type="stmt" count="22"/>
      <line num="55" type="stmt" count="1"/>
      <line num="56" type="stmt" count="22"/>
      <line num="59" type="method" name="calculateMonthForInstallment" visibility="protected" complexity="2" crap="2" count="22"/>
      <line num="61" type="stmt" count="22"/>
      <line num="62" type="stmt" count="22"/>
      <line num="63" type="stmt" count="5"/>
      <line num="65" type="stmt" count="22"/>
      <line num="68" type="method" name="isLimitInstallment" visibility="protected" complexity="1" crap="1" count="20"/>
      <line num="70" type="stmt" count="20"/>
      <line num="77" type="method" name="generateInvoiceSumFromInvoicesArray" visibility="public" complexity="2" crap="6" count="0"/>
      <line num="79" type="stmt" count="0"/>
      <line num="80" type="stmt" count="0"/>
      <line num="81" type="stmt" count="0"/>
      <line num="82" type="stmt" count="0"/>
      <line num="83" type="stmt" count="0"/>
      <line num="84" type="stmt" count="0"/>
      <line num="85" type="stmt" count="0"/>
      <line num="86" type="stmt" count="0"/>
      <line num="88" type="stmt" count="0"/>
      <line num="89" type="stmt" count="0"/>
      <metrics loc="91" ncloc="82" classes="1" methods="6" coveredmethods="5" conditionals="0" coveredconditionals="0" statements="41" coveredstatements="31" elements="47" coveredelements="36"/>
    </file>
    <file name="/var/www/html/app/Http/Controllers/AuthController.php">
      <class name="App\Http\Controllers\AuthController" namespace="global">
        <metrics complexity="11" methods="7" coveredmethods="0" conditionals="0" coveredconditionals="0" statements="19" coveredstatements="0" elements="26" coveredelements="0"/>
      </class>
      <line num="22" type="method" name="renderLoginView" visibility="public" complexity="1" crap="2" count="0"/>
      <line num="24" type="stmt" count="0"/>
      <line num="27" type="method" name="login" visibility="public" complexity="2" crap="6" count="0"/>
      <line num="29" type="stmt" count="0"/>
      <line num="30" type="stmt" count="0"/>
      <line num="31" type="stmt" count="0"/>
      <line num="32" type="stmt" count="0"/>
      <line num="33" type="stmt" count="0"/>
      <line num="35" type="stmt" count="0"/>
      <line num="38" type="method" name="findUserForAuth" visibility="protected" complexity="1" crap="2" count="0"/>
      <line num="40" type="stmt" count="0"/>
      <line num="43" type="method" name="validateLogin" visibility="protected" complexity="2" crap="6" count="0"/>
      <line num="45" type="stmt" count="0"/>
      <line num="48" type="method" name="logout" visibility="public" complexity="1" crap="2" count="0"/>
      <line num="50" type="stmt" count="0"/>
      <line num="51" type="stmt" count="0"/>
      <line num="54" type="method" name="isUserLogged" visibility="public" complexity="2" crap="6" count="0"/>
      <line num="56" type="stmt" count="0"/>
      <line num="57" type="stmt" count="0"/>
      <line num="58" type="stmt" count="0"/>
      <line num="60" type="stmt" count="0"/>
      <line num="63" type="method" name="getMfpToken" visibility="public" complexity="2" crap="6" count="0"/>
      <line num="65" type="stmt" count="0"/>
      <line num="66" type="stmt" count="0"/>
      <line num="67" type="stmt" count="0"/>
      <line num="69" type="stmt" count="0"/>
      <metrics loc="71" ncloc="71" classes="1" methods="7" coveredmethods="0" conditionals="0" coveredconditionals="0" statements="19" coveredstatements="0" elements="26" coveredelements="0"/>
    </file>
    <file name="/var/www/html/app/Http/Controllers/BasicController.php">
      <class name="App\Http\Controllers\BasicController" namespace="global">
        <metrics complexity="16" methods="7" coveredmethods="0" conditionals="0" coveredconditionals="0" statements="41" coveredstatements="0" elements="48" coveredelements="0"/>
      </class>
      <line num="20" type="method" name="index" visibility="public" complexity="2" crap="6" count="0"/>
      <line num="23" type="stmt" count="0"/>
      <line num="24" type="stmt" count="0"/>
      <line num="25" type="stmt" count="0"/>
      <line num="26" type="stmt" count="0"/>
      <line num="27" type="stmt" count="0"/>
      <line num="31" type="method" name="show" visibility="public" complexity="3" crap="12" count="0"/>
      <line num="34" type="stmt" count="0"/>
      <line num="35" type="stmt" count="0"/>
      <line num="36" type="stmt" count="0"/>
      <line num="37" type="stmt" count="0"/>
      <line num="38" type="stmt" count="0"/>
      <line num="39" type="stmt" count="0"/>
      <line num="43" type="method" name="insert" visibility="public" complexity="4" crap="20" count="0"/>
      <line num="46" type="stmt" count="0"/>
      <line num="47" type="stmt" count="0"/>
      <line num="48" type="stmt" count="0"/>
      <line num="50" type="stmt" count="0"/>
      <line num="51" type="stmt" count="0"/>
      <line num="52" type="stmt" count="0"/>
      <line num="53" type="stmt" count="0"/>
      <line num="54" type="stmt" count="0"/>
      <line num="55" type="stmt" count="0"/>
      <line num="56" type="stmt" count="0"/>
      <line num="60" type="method" name="update" visibility="public" complexity="3" crap="12" count="0"/>
      <line num="63" type="stmt" count="0"/>
      <line num="64" type="stmt" count="0"/>
      <line num="65" type="stmt" count="0"/>
      <line num="67" type="stmt" count="0"/>
      <line num="68" type="stmt" count="0"/>
      <line num="69" type="stmt" count="0"/>
      <line num="70" type="stmt" count="0"/>
      <line num="71" type="stmt" count="0"/>
      <line num="72" type="stmt" count="0"/>
      <line num="73" type="stmt" count="0"/>
      <line num="77" type="method" name="delete" visibility="public" complexity="2" crap="6" count="0"/>
      <line num="80" type="stmt" count="0"/>
      <line num="81" type="stmt" count="0"/>
      <line num="82" type="stmt" count="0"/>
      <line num="83" type="stmt" count="0"/>
      <line num="87" type="method" name="showByType" visibility="public" complexity="1" crap="2" count="0"/>
      <line num="89" type="stmt" count="0"/>
      <line num="90" type="stmt" count="0"/>
      <line num="93" type="method" name="returnErrorDatabaseConnect" visibility="protected" complexity="1" crap="2" count="0"/>
      <line num="95" type="stmt" count="0"/>
      <line num="96" type="stmt" count="0"/>
      <line num="97" type="stmt" count="0"/>
      <line num="98" type="stmt" count="0"/>
      <metrics loc="100" ncloc="100" classes="1" methods="7" coveredmethods="0" conditionals="0" coveredconditionals="0" statements="41" coveredstatements="0" elements="48" coveredelements="0"/>
    </file>
    <file name="/var/www/html/app/Http/Controllers/BasicControllerContract.php">
      <metrics loc="16" ncloc="16" classes="0" methods="0" coveredmethods="0" conditionals="0" coveredconditionals="0" statements="0" coveredstatements="0" elements="0" coveredelements="0"/>
    </file>
    <file name="/var/www/html/app/Http/Controllers/ConfigurationsController.php">
      <class name="App\Http\Controllers\ConfigurationsController" namespace="global">
        <metrics complexity="7" methods="7" coveredmethods="0" conditionals="0" coveredconditionals="0" statements="16" coveredstatements="0" elements="23" coveredelements="0"/>
      </class>
      <line num="16" type="method" name="__construct" visibility="public" complexity="1" crap="2" count="0"/>
      <line num="18" type="stmt" count="0"/>
      <line num="19" type="stmt" count="0"/>
      <line num="22" type="method" name="rulesInsert" visibility="protected" complexity="1" crap="2" count="0"/>
      <line num="24" type="stmt" count="0"/>
      <line num="27" type="method" name="rulesUpdate" visibility="protected" complexity="1" crap="2" count="0"/>
      <line num="29" type="stmt" count="0"/>
      <line num="30" type="stmt" count="0"/>
      <line num="31" type="stmt" count="0"/>
      <line num="34" type="method" name="getService" visibility="protected" complexity="1" crap="2" count="0"/>
      <line num="36" type="stmt" count="0"/>
      <line num="39" type="method" name="getResource" visibility="protected" complexity="1" crap="2" count="0"/>
      <line num="41" type="stmt" count="0"/>
      <line num="47" type="method" name="showByName" visibility="public" complexity="1" crap="2" count="0"/>
      <line num="49" type="stmt" count="0"/>
      <line num="50" type="stmt" count="0"/>
      <line num="51" type="stmt" count="0"/>
      <line num="54" type="method" name="updateByName" visibility="public" complexity="1" crap="2" count="0"/>
      <line num="56" type="stmt" count="0"/>
      <line num="57" type="stmt" count="0"/>
      <line num="58" type="stmt" count="0"/>
      <line num="59" type="stmt" count="0"/>
      <line num="60" type="stmt" count="0"/>
      <metrics loc="62" ncloc="59" classes="1" methods="7" coveredmethods="0" conditionals="0" coveredconditionals="0" statements="16" coveredstatements="0" elements="23" coveredelements="0"/>
    </file>
    <file name="/var/www/html/app/Http/Controllers/Controller.php">
      <class name="App\Http\Controllers\Controller" namespace="global">
        <metrics complexity="0" methods="0" coveredmethods="0" conditionals="0" coveredconditionals="0" statements="0" coveredstatements="0" elements="0" coveredelements="0"/>
      </class>
      <metrics loc="13" ncloc="13" classes="0" methods="0" coveredmethods="0" conditionals="0" coveredconditionals="0" statements="0" coveredstatements="0" elements="0" coveredelements="0"/>
    </file>
    <file name="/var/www/html/app/Http/Controllers/CreditCardController.php">
      <class name="App\Http\Controllers\CreditCardController" namespace="global">
        <metrics complexity="5" methods="5" coveredmethods="0" conditionals="0" coveredconditionals="0" statements="16" coveredstatements="0" elements="21" coveredelements="0"/>
      </class>
      <line num="13" type="method" name="__construct" visibility="public" complexity="1" crap="2" count="0"/>
      <line num="15" type="stmt" count="0"/>
      <line num="16" type="stmt" count="0"/>
      <line num="20" type="method" name="rulesInsert" visibility="protected" complexity="1" crap="2" count="0"/>
      <line num="22" type="stmt" count="0"/>
      <line num="23" type="stmt" count="0"/>
      <line num="24" type="stmt" count="0"/>
      <line num="25" type="stmt" count="0"/>
      <line num="26" type="stmt" count="0"/>
      <line num="27" type="stmt" count="0"/>
      <line num="31" type="method" name="rulesUpdate" visibility="protected" complexity="1" crap="2" count="0"/>
      <line num="33" type="stmt" count="0"/>
      <line num="34" type="stmt" count="0"/>
      <line num="35" type="stmt" count="0"/>
      <line num="36" type="stmt" count="0"/>
      <line num="37" type="stmt" count="0"/>
      <line num="38" type="stmt" count="0"/>
      <line num="41" type="method" name="getService" visibility="protected" complexity="1" crap="2" count="0"/>
      <line num="43" type="stmt" count="0"/>
      <line num="46" type="method" name="getResource" visibility="protected" complexity="1" crap="2" count="0"/>
      <line num="48" type="stmt" count="0"/>
      <metrics loc="50" ncloc="48" classes="1" methods="5" coveredmethods="0" conditionals="0" coveredconditionals="0" statements="16" coveredstatements="0" elements="21" coveredelements="0"/>
    </file>
    <file name="/var/www/html/app/Http/Controllers/CreditCardTransactionController.php">
      <class name="App\Http\Controllers\CreditCardTransactionController" namespace="global">
        <metrics complexity="8" methods="7" coveredmethods="0" conditionals="0" coveredconditionals="0" statements="24" coveredstatements="0" elements="31" coveredelements="0"/>
      </class>
      <line num="15" type="method" name="__construct" visibility="public" complexity="1" crap="2" count="0"/>
      <line num="17" type="stmt" count="0"/>
      <line num="18" type="stmt" count="0"/>
      <line num="21" type="method" name="rulesInsert" visibility="protected" complexity="1" crap="2" count="0"/>
      <line num="23" type="stmt" count="0"/>
      <line num="24" type="stmt" count="0"/>
      <line num="25" type="stmt" count="0"/>
      <line num="26" type="stmt" count="0"/>
      <line num="27" type="stmt" count="0"/>
      <line num="28" type="stmt" count="0"/>
      <line num="29" type="stmt" count="0"/>
      <line num="32" type="method" name="rulesUpdate" visibility="protected" complexity="1" crap="2" count="0"/>
      <line num="34" type="stmt" count="0"/>
      <line num="35" type="stmt" count="0"/>
      <line num="36" type="stmt" count="0"/>
      <line num="37" type="stmt" count="0"/>
      <line num="38" type="stmt" count="0"/>
      <line num="39" type="stmt" count="0"/>
      <line num="40" type="stmt" count="0"/>
      <line num="43" type="method" name="getService" visibility="protected" complexity="1" crap="2" count="0"/>
      <line num="45" type="stmt" count="0"/>
      <line num="48" type="method" name="getResource" visibility="protected" complexity="1" crap="2" count="0"/>
      <line num="50" type="stmt" count="0"/>
      <line num="53" type="method" name="invoices" visibility="public" complexity="1" crap="2" count="0"/>
      <line num="55" type="stmt" count="0"/>
      <line num="56" type="stmt" count="0"/>
      <line num="59" type="method" name="payInvoice" visibility="public" complexity="2" crap="6" count="0"/>
      <line num="61" type="stmt" count="0"/>
      <line num="62" type="stmt" count="0"/>
      <line num="63" type="stmt" count="0"/>
      <line num="65" type="stmt" count="0"/>
      <metrics loc="67" ncloc="67" classes="1" methods="7" coveredmethods="0" conditionals="0" coveredconditionals="0" statements="24" coveredstatements="0" elements="31" coveredelements="0"/>
    </file>
    <file name="/var/www/html/app/Http/Controllers/DashboardController.php">
      <class name="App\Http\Controllers\DashboardController" namespace="global">
        <metrics complexity="2" methods="2" coveredmethods="0" conditionals="0" coveredconditionals="0" statements="3" coveredstatements="0" elements="5" coveredelements="0"/>
      </class>
      <line num="13" type="method" name="__construct" visibility="public" complexity="1" crap="2" count="0"/>
      <line num="15" type="stmt" count="0"/>
      <line num="18" type="method" name="index" visibility="public" complexity="1" crap="2" count="0"/>
      <line num="20" type="stmt" count="0"/>
      <line num="21" type="stmt" count="0"/>
      <metrics loc="23" ncloc="23" classes="1" methods="2" coveredmethods="0" conditionals="0" coveredconditionals="0" statements="3" coveredstatements="0" elements="5" coveredelements="0"/>
    </file>
    <file name="/var/www/html/app/Http/Controllers/FutureGainController.php">
      <class name="App\Http\Controllers\FutureGainController" namespace="global">
        <metrics complexity="9" methods="7" coveredmethods="0" conditionals="0" coveredconditionals="0" statements="26" coveredstatements="0" elements="33" coveredelements="0"/>
      </class>
      <line num="16" type="method" name="__construct" visibility="public" complexity="1" crap="2" count="0"/>
      <line num="18" type="stmt" count="0"/>
      <line num="19" type="stmt" count="0"/>
      <line num="22" type="method" name="rulesInsert" visibility="protected" complexity="1" crap="2" count="0"/>
      <line num="24" type="stmt" count="0"/>
      <line num="25" type="stmt" count="0"/>
      <line num="26" type="stmt" count="0"/>
      <line num="27" type="stmt" count="0"/>
      <line num="28" type="stmt" count="0"/>
      <line num="29" type="stmt" count="0"/>
      <line num="30" type="stmt" count="0"/>
      <line num="33" type="method" name="rulesUpdate" visibility="protected" complexity="1" crap="2" count="0"/>
      <line num="35" type="stmt" count="0"/>
      <line num="36" type="stmt" count="0"/>
      <line num="37" type="stmt" count="0"/>
      <line num="38" type="stmt" count="0"/>
      <line num="39" type="stmt" count="0"/>
      <line num="40" type="stmt" count="0"/>
      <line num="41" type="stmt" count="0"/>
      <line num="44" type="method" name="getService" visibility="protected" complexity="1" crap="2" count="0"/>
      <line num="46" type="stmt" count="0"/>
      <line num="49" type="method" name="getResource" visibility="protected" complexity="1" crap="2" count="0"/>
      <line num="51" type="stmt" count="0"/>
      <line num="57" type="method" name="nextSixMonths" visibility="public" complexity="1" crap="2" count="0"/>
      <line num="59" type="stmt" count="0"/>
      <line num="60" type="stmt" count="0"/>
      <line num="66" type="method" name="receive" visibility="public" complexity="3" crap="12" count="0"/>
      <line num="68" type="stmt" count="0"/>
      <line num="69" type="stmt" count="0"/>
      <line num="70" type="stmt" count="0"/>
      <line num="72" type="stmt" count="0"/>
      <line num="73" type="stmt" count="0"/>
      <line num="74" type="stmt" count="0"/>
      <metrics loc="76" ncloc="70" classes="1" methods="7" coveredmethods="0" conditionals="0" coveredconditionals="0" statements="26" coveredstatements="0" elements="33" coveredelements="0"/>
    </file>
    <file name="/var/www/html/app/Http/Controllers/FutureSpentController.php">
      <class name="App\Http\Controllers\FutureSpentController" namespace="global">
        <metrics complexity="8" methods="6" coveredmethods="0" conditionals="0" coveredconditionals="0" statements="24" coveredstatements="0" elements="30" coveredelements="0"/>
      </class>
      <line num="16" type="method" name="__construct" visibility="public" complexity="1" crap="2" count="0"/>
      <line num="18" type="stmt" count="0"/>
      <line num="19" type="stmt" count="0"/>
      <line num="22" type="method" name="rulesInsert" visibility="protected" complexity="1" crap="2" count="0"/>
      <line num="24" type="stmt" count="0"/>
      <line num="25" type="stmt" count="0"/>
      <line num="26" type="stmt" count="0"/>
      <line num="27" type="stmt" count="0"/>
      <line num="28" type="stmt" count="0"/>
      <line num="29" type="stmt" count="0"/>
      <line num="30" type="stmt" count="0"/>
      <line num="33" type="method" name="rulesUpdate" visibility="protected" complexity="1" crap="2" count="0"/>
      <line num="35" type="stmt" count="0"/>
      <line num="36" type="stmt" count="0"/>
      <line num="37" type="stmt" count="0"/>
      <line num="38" type="stmt" count="0"/>
      <line num="39" type="stmt" count="0"/>
      <line num="40" type="stmt" count="0"/>
      <line num="41" type="stmt" count="0"/>
      <line num="44" type="method" name="getService" visibility="protected" complexity="1" crap="2" count="0"/>
      <line num="46" type="stmt" count="0"/>
      <line num="49" type="method" name="getResource" visibility="protected" complexity="1" crap="2" count="0"/>
      <line num="51" type="stmt" count="0"/>
      <line num="57" type="method" name="paySpent" visibility="public" complexity="3" crap="12" count="0"/>
      <line num="59" type="stmt" count="0"/>
      <line num="60" type="stmt" count="0"/>
      <line num="61" type="stmt" count="0"/>
      <line num="63" type="stmt" count="0"/>
      <line num="64" type="stmt" count="0"/>
      <line num="65" type="stmt" count="0"/>
      <metrics loc="67" ncloc="64" classes="1" methods="6" coveredmethods="0" conditionals="0" coveredconditionals="0" statements="24" coveredstatements="0" elements="30" coveredelements="0"/>
    </file>
    <file name="/var/www/html/app/Http/Controllers/MovementController.php">
      <class name="App\Http\Controllers\MovementController" namespace="global">
        <metrics complexity="6" methods="6" coveredmethods="0" conditionals="0" coveredconditionals="0" statements="19" coveredstatements="0" elements="25" coveredelements="0"/>
      </class>
      <line num="19" type="method" name="__construct" visibility="public" complexity="1" crap="2" count="0"/>
      <line num="21" type="stmt" count="0"/>
      <line num="22" type="stmt" count="0"/>
      <line num="25" type="method" name="rulesInsert" visibility="protected" complexity="1" crap="2" count="0"/>
      <line num="27" type="stmt" count="0"/>
      <line num="28" type="stmt" count="0"/>
      <line num="29" type="stmt" count="0"/>
      <line num="30" type="stmt" count="0"/>
      <line num="31" type="stmt" count="0"/>
      <line num="32" type="stmt" count="0"/>
      <line num="35" type="method" name="rulesUpdate" visibility="protected" complexity="1" crap="2" count="0"/>
      <line num="37" type="stmt" count="0"/>
      <line num="38" type="stmt" count="0"/>
      <line num="39" type="stmt" count="0"/>
      <line num="40" type="stmt" count="0"/>
      <line num="41" type="stmt" count="0"/>
      <line num="42" type="stmt" count="0"/>
      <line num="45" type="method" name="getService" visibility="protected" complexity="1" crap="2" count="0"/>
      <line num="47" type="stmt" count="0"/>
      <line num="50" type="method" name="getResource" visibility="protected" complexity="1" crap="2" count="0"/>
      <line num="52" type="stmt" count="0"/>
      <line num="55" type="method" name="indexFiltered" visibility="protected" complexity="1" crap="2" count="0"/>
      <line num="57" type="stmt" count="0"/>
      <line num="58" type="stmt" count="0"/>
      <line num="59" type="stmt" count="0"/>
      <metrics loc="61" ncloc="58" classes="1" methods="6" coveredmethods="0" conditionals="0" coveredconditionals="0" statements="19" coveredstatements="0" elements="25" coveredelements="0"/>
    </file>
    <file name="/var/www/html/app/Http/Controllers/PanoramaController.php">
      <class name="App\Http\Controllers\PanoramaController" namespace="global">
        <metrics complexity="2" methods="2" coveredmethods="0" conditionals="0" coveredconditionals="0" statements="3" coveredstatements="0" elements="5" coveredelements="0"/>
      </class>
      <line num="13" type="method" name="__construct" visibility="public" complexity="1" crap="2" count="0"/>
      <line num="15" type="stmt" count="0"/>
      <line num="18" type="method" name="getPanoramaData" visibility="public" complexity="1" crap="2" count="0"/>
      <line num="20" type="stmt" count="0"/>
      <line num="21" type="stmt" count="0"/>
      <metrics loc="23" ncloc="23" classes="1" methods="2" coveredmethods="0" conditionals="0" coveredconditionals="0" statements="3" coveredstatements="0" elements="5" coveredelements="0"/>
    </file>
    <file name="/var/www/html/app/Http/Controllers/UserController.php">
      <class name="App\Http\Controllers\UserController" namespace="global">
        <metrics complexity="5" methods="5" coveredmethods="0" conditionals="0" coveredconditionals="0" statements="11" coveredstatements="0" elements="16" coveredelements="0"/>
      </class>
      <line num="15" type="method" name="__construct" visibility="public" complexity="1" crap="2" count="0"/>
      <line num="17" type="stmt" count="0"/>
      <line num="18" type="stmt" count="0"/>
      <line num="24" type="method" name="rulesInsert" visibility="protected" complexity="1" crap="2" count="0"/>
      <line num="26" type="stmt" count="0"/>
      <line num="29" type="method" name="rulesUpdate" visibility="protected" complexity="1" crap="2" count="0"/>
      <line num="31" type="stmt" count="0"/>
      <line num="32" type="stmt" count="0"/>
      <line num="33" type="stmt" count="0"/>
      <line num="34" type="stmt" count="0"/>
      <line num="35" type="stmt" count="0"/>
      <line num="36" type="stmt" count="0"/>
      <line num="39" type="method" name="getService" visibility="protected" complexity="1" crap="2" count="0"/>
      <line num="41" type="stmt" count="0"/>
      <line num="44" type="method" name="getResource" visibility="protected" complexity="1" crap="2" count="0"/>
      <line num="46" type="stmt" count="0"/>
      <metrics loc="48" ncloc="45" classes="1" methods="5" coveredmethods="0" conditionals="0" coveredconditionals="0" statements="11" coveredstatements="0" elements="16" coveredelements="0"/>
    </file>
    <file name="/var/www/html/app/Http/Controllers/WalletController.php">
      <class name="App\Http\Controllers\WalletController" namespace="global">
        <metrics complexity="5" methods="5" coveredmethods="0" conditionals="0" coveredconditionals="0" statements="14" coveredstatements="0" elements="19" coveredelements="0"/>
      </class>
      <line num="19" type="method" name="__construct" visibility="public" complexity="1" crap="2" count="0"/>
      <line num="21" type="stmt" count="0"/>
      <line num="22" type="stmt" count="0"/>
      <line num="25" type="method" name="rulesInsert" visibility="protected" complexity="1" crap="2" count="0"/>
      <line num="27" type="stmt" count="0"/>
      <line num="28" type="stmt" count="0"/>
      <line num="29" type="stmt" count="0"/>
      <line num="30" type="stmt" count="0"/>
      <line num="31" type="stmt" count="0"/>
      <line num="34" type="method" name="rulesUpdate" visibility="protected" complexity="1" crap="2" count="0"/>
      <line num="36" type="stmt" count="0"/>
      <line num="38" type="stmt" count="0"/>
      <line num="39" type="stmt" count="0"/>
      <line num="40" type="stmt" count="0"/>
      <line num="41" type="stmt" count="0"/>
      <line num="44" type="method" name="getService" visibility="protected" complexity="1" crap="2" count="0"/>
      <line num="46" type="stmt" count="0"/>
      <line num="49" type="method" name="getResource" visibility="protected" complexity="1" crap="2" count="0"/>
      <line num="51" type="stmt" count="0"/>
      <metrics loc="53" ncloc="49" classes="1" methods="5" coveredmethods="0" conditionals="0" coveredconditionals="0" statements="14" coveredstatements="0" elements="19" coveredelements="0"/>
    </file>
    <file name="/var/www/html/app/Http/Kernel.php">
      <class name="App\Http\Kernel" namespace="global">
        <metrics complexity="0" methods="0" coveredmethods="0" conditionals="0" coveredconditionals="0" statements="0" coveredstatements="0" elements="0" coveredelements="0"/>
      </class>
      <metrics loc="69" ncloc="48" classes="0" methods="0" coveredmethods="0" conditionals="0" coveredconditionals="0" statements="0" coveredstatements="0" elements="0" coveredelements="0"/>
    </file>
    <file name="/var/www/html/app/Http/Middleware/Authenticate.php">
      <class name="App\Http\Middleware\Authenticate" namespace="global">
        <metrics complexity="2" methods="1" coveredmethods="0" conditionals="0" coveredconditionals="0" statements="1" coveredstatements="0" elements="2" coveredelements="0"/>
      </class>
      <line num="13" type="method" name="redirectTo" visibility="protected" complexity="2" crap="6" count="0"/>
      <line num="15" type="stmt" count="0"/>
      <metrics loc="18" ncloc="15" classes="1" methods="1" coveredmethods="0" conditionals="0" coveredconditionals="0" statements="1" coveredstatements="0" elements="2" coveredelements="0"/>
    </file>
    <file name="/var/www/html/app/Http/Middleware/AuthenticateAPI.php">
      <class name="App\Http\Middleware\AuthenticateAPI" namespace="global">
        <metrics complexity="1" methods="1" coveredmethods="0" conditionals="0" coveredconditionals="0" statements="1" coveredstatements="0" elements="2" coveredelements="0"/>
      </class>
      <line num="10" type="method" name="unauthenticated" visibility="protected" complexity="1" crap="2" count="0"/>
      <line num="12" type="stmt" count="0"/>
      <metrics loc="14" ncloc="14" classes="1" methods="1" coveredmethods="0" conditionals="0" coveredconditionals="0" statements="1" coveredstatements="0" elements="2" coveredelements="0"/>
    </file>
    <file name="/var/www/html/app/Http/Middleware/EncryptCookies.php">
      <class name="App\Http\Middleware\EncryptCookies" namespace="global">
        <metrics complexity="0" methods="0" coveredmethods="0" conditionals="0" coveredconditionals="0" statements="0" coveredstatements="0" elements="0" coveredelements="0"/>
      </class>
      <metrics loc="18" ncloc="13" classes="0" methods="0" coveredmethods="0" conditionals="0" coveredconditionals="0" statements="0" coveredstatements="0" elements="0" coveredelements="0"/>
    </file>
    <file name="/var/www/html/app/Http/Middleware/PreventRequestsDuringMaintenance.php">
      <class name="App\Http\Middleware\PreventRequestsDuringMaintenance" namespace="global">
        <metrics complexity="0" methods="0" coveredmethods="0" conditionals="0" coveredconditionals="0" statements="0" coveredstatements="0" elements="0" coveredelements="0"/>
      </class>
      <metrics loc="18" ncloc="13" classes="0" methods="0" coveredmethods="0" conditionals="0" coveredconditionals="0" statements="0" coveredstatements="0" elements="0" coveredelements="0"/>
    </file>
    <file name="/var/www/html/app/Http/Middleware/RedirectIfAuthenticated.php">
      <class name="App\Http\Middleware\RedirectIfAuthenticated" namespace="global">
        <metrics complexity="4" methods="1" coveredmethods="0" conditionals="0" coveredconditionals="0" statements="5" coveredstatements="0" elements="6" coveredelements="0"/>
      </class>
      <line num="18" type="method" name="handle" visibility="public" complexity="4" crap="20" count="0"/>
      <line num="20" type="stmt" count="0"/>
      <line num="22" type="stmt" count="0"/>
      <line num="23" type="stmt" count="0"/>
      <line num="24" type="stmt" count="0"/>
      <line num="28" type="stmt" count="0"/>
      <metrics loc="31" ncloc="26" classes="1" methods="1" coveredmethods="0" conditionals="0" coveredconditionals="0" statements="5" coveredstatements="0" elements="6" coveredelements="0"/>
    </file>
    <file name="/var/www/html/app/Http/Middleware/TrimStrings.php">
      <class name="App\Http\Middleware\TrimStrings" namespace="global">
        <metrics complexity="0" methods="0" coveredmethods="0" conditionals="0" coveredconditionals="0" statements="0" coveredstatements="0" elements="0" coveredelements="0"/>
      </class>
      <metrics loc="20" ncloc="15" classes="0" methods="0" coveredmethods="0" conditionals="0" coveredconditionals="0" statements="0" coveredstatements="0" elements="0" coveredelements="0"/>
    </file>
    <file name="/var/www/html/app/Http/Middleware/TrustHosts.php">
      <class name="App\Http\Middleware\TrustHosts" namespace="global">
        <metrics complexity="1" methods="1" coveredmethods="0" conditionals="0" coveredconditionals="0" statements="3" coveredstatements="0" elements="4" coveredelements="0"/>
      </class>
      <line num="14" type="method" name="hosts" visibility="public" complexity="1" crap="2" count="0"/>
      <line num="16" type="stmt" count="0"/>
      <line num="17" type="stmt" count="0"/>
      <line num="18" type="stmt" count="0"/>
      <metrics loc="21" ncloc="16" classes="1" methods="1" coveredmethods="0" conditionals="0" coveredconditionals="0" statements="3" coveredstatements="0" elements="4" coveredelements="0"/>
    </file>
    <file name="/var/www/html/app/Http/Middleware/TrustProxies.php">
      <class name="App\Http\Middleware\TrustProxies" namespace="global">
        <metrics complexity="0" methods="0" coveredmethods="0" conditionals="0" coveredconditionals="0" statements="0" coveredstatements="0" elements="0" coveredelements="0"/>
      </class>
      <metrics loc="29" ncloc="19" classes="0" methods="0" coveredmethods="0" conditionals="0" coveredconditionals="0" statements="0" coveredstatements="0" elements="0" coveredelements="0"/>
    </file>
    <file name="/var/www/html/app/Http/Middleware/ValidateSignature.php">
      <class name="App\Http\Middleware\ValidateSignature" namespace="global">
        <metrics complexity="0" methods="0" coveredmethods="0" conditionals="0" coveredconditionals="0" statements="0" coveredstatements="0" elements="0" coveredelements="0"/>
      </class>
      <metrics loc="23" ncloc="18" classes="0" methods="0" coveredmethods="0" conditionals="0" coveredconditionals="0" statements="0" coveredstatements="0" elements="0" coveredelements="0"/>
    </file>
    <file name="/var/www/html/app/Http/Middleware/VerifyCsrfToken.php">
      <class name="App\Http\Middleware\VerifyCsrfToken" namespace="global">
        <metrics complexity="0" methods="0" coveredmethods="0" conditionals="0" coveredconditionals="0" statements="0" coveredstatements="0" elements="0" coveredelements="0"/>
      </class>
      <metrics loc="18" ncloc="13" classes="0" methods="0" coveredmethods="0" conditionals="0" coveredconditionals="0" statements="0" coveredstatements="0" elements="0" coveredelements="0"/>
    </file>
    <file name="/var/www/html/app/Providers/AppServiceProvider.php">
      <class name="App\Providers\AppServiceProvider" namespace="global">
        <metrics complexity="2" methods="2" coveredmethods="2" conditionals="0" coveredconditionals="0" statements="2" coveredstatements="2" elements="4" coveredelements="4"/>
      </class>
      <line num="12" type="method" name="register" visibility="public" complexity="1" crap="1" count="230"/>
      <line num="15" type="stmt" count="230"/>
      <line num="20" type="method" name="boot" visibility="public" complexity="1" crap="1" count="230"/>
      <line num="23" type="stmt" count="230"/>
      <metrics loc="25" ncloc="17" classes="1" methods="2" coveredmethods="2" conditionals="0" coveredconditionals="0" statements="2" coveredstatements="2" elements="4" coveredelements="4"/>
    </file>
    <file name="/var/www/html/app/Providers/AuthServiceProvider.php">
      <class name="App\Providers\AuthServiceProvider" namespace="global">
        <metrics complexity="2" methods="1" coveredmethods="0" conditionals="0" coveredconditionals="0" statements="5" coveredstatements="2" elements="6" coveredelements="2"/>
      </class>
      <line num="26" type="method" name="boot" visibility="public" complexity="2" crap="2.86" count="230"/>
      <line num="28" type="stmt" count="230"/>
      <line num="29" type="stmt" count="0"/>
      <line num="30" type="stmt" count="0"/>
      <line num="31" type="stmt" count="0"/>
      <line num="32" type="stmt" count="230"/>
      <metrics loc="35" ncloc="27" classes="1" methods="1" coveredmethods="0" conditionals="0" coveredconditionals="0" statements="5" coveredstatements="2" elements="6" coveredelements="2"/>
    </file>
    <file name="/var/www/html/app/Providers/BroadcastServiceProvider.php">
      <class name="App\Providers\BroadcastServiceProvider" namespace="global">
        <metrics complexity="1" methods="1" coveredmethods="0" conditionals="0" coveredconditionals="0" statements="2" coveredstatements="0" elements="3" coveredelements="0"/>
      </class>
      <line num="13" type="method" name="boot" visibility="public" complexity="1" crap="2" count="0"/>
      <line num="15" type="stmt" count="0"/>
      <line num="17" type="stmt" count="0"/>
      <metrics loc="20" ncloc="17" classes="1" methods="1" coveredmethods="0" conditionals="0" coveredconditionals="0" statements="2" coveredstatements="0" elements="3" coveredelements="0"/>
    </file>
    <file name="/var/www/html/app/Providers/EventServiceProvider.php">
      <class name="App\Providers\EventServiceProvider" namespace="global">
        <metrics complexity="2" methods="2" coveredmethods="2" conditionals="0" coveredconditionals="0" statements="2" coveredstatements="2" elements="4" coveredelements="4"/>
      </class>
      <line num="26" type="method" name="boot" visibility="public" complexity="1" crap="1" count="230"/>
      <line num="29" type="stmt" count="230"/>
      <line num="34" type="method" name="shouldDiscoverEvents" visibility="public" complexity="1" crap="1" count="230"/>
      <line num="36" type="stmt" count="230"/>
      <metrics loc="39" ncloc="27" classes="1" methods="2" coveredmethods="2" conditionals="0" coveredconditionals="0" statements="2" coveredstatements="2" elements="4" coveredelements="4"/>
    </file>
    <file name="/var/www/html/app/Providers/RouteServiceProvider.php">
      <class name="App\Providers\RouteServiceProvider" namespace="global">
        <metrics complexity="3" methods="2" coveredmethods="1" conditionals="0" coveredconditionals="0" statements="11" coveredstatements="10" elements="13" coveredelements="11"/>
      </class>
      <line num="25" type="method" name="boot" visibility="public" complexity="1" crap="1" count="230"/>
      <line num="27" type="stmt" count="230"/>
      <line num="29" type="stmt" count="230"/>
      <line num="30" type="stmt" count="230"/>
      <line num="31" type="stmt" count="230"/>
      <line num="32" type="stmt" count="230"/>
      <line num="34" type="stmt" count="230"/>
      <line num="35" type="stmt" count="230"/>
      <line num="36" type="stmt" count="230"/>
      <line num="42" type="method" name="configureRateLimiting" visibility="protected" complexity="2" crap="2.15" count="230"/>
      <line num="44" type="stmt" count="230"/>
      <line num="45" type="stmt" count="0"/>
      <line num="46" type="stmt" count="230"/>
      <metrics loc="49" ncloc="36" classes="1" methods="2" coveredmethods="1" conditionals="0" coveredconditionals="0" statements="11" coveredstatements="10" elements="13" coveredelements="11"/>
    </file>
    <file name="/var/www/html/app/Repositories/BasicRepository.php">
      <class name="App\Repositories\BasicRepository" namespace="global">
        <metrics complexity="10" methods="7" coveredmethods="0" conditionals="0" coveredconditionals="0" statements="17" coveredstatements="0" elements="24" coveredelements="0"/>
      </class>
      <line num="12" type="method" name="findAll" visibility="public" complexity="2" crap="6" count="0"/>
      <line num="14" type="stmt" count="0"/>
      <line num="15" type="stmt" count="0"/>
      <line num="18" type="method" name="findById" visibility="public" complexity="2" crap="6" count="0"/>
      <line num="20" type="stmt" count="0"/>
      <line num="21" type="stmt" count="0"/>
      <line num="24" type="method" name="insert" visibility="public" complexity="1" crap="2" count="0"/>
      <line num="26" type="stmt" count="0"/>
      <line num="27" type="stmt" count="0"/>
      <line num="28" type="stmt" count="0"/>
      <line num="31" type="method" name="update" visibility="public" complexity="1" crap="2" count="0"/>
      <line num="33" type="stmt" count="0"/>
      <line num="34" type="stmt" count="0"/>
      <line num="35" type="stmt" count="0"/>
      <line num="38" type="method" name="deleteById" visibility="public" complexity="1" crap="2" count="0"/>
      <line num="40" type="stmt" count="0"/>
      <line num="41" type="stmt" count="0"/>
      <line num="42" type="stmt" count="0"/>
      <line num="45" type="method" name="findByName" visibility="public" complexity="2" crap="6" count="0"/>
      <line num="47" type="stmt" count="0"/>
      <line num="48" type="stmt" count="0"/>
      <line num="51" type="method" name="findAllByType" visibility="public" complexity="1" crap="2" count="0"/>
      <line num="53" type="stmt" count="0"/>
      <line num="54" type="stmt" count="0"/>
      <metrics loc="56" ncloc="56" classes="1" methods="7" coveredmethods="0" conditionals="0" coveredconditionals="0" statements="17" coveredstatements="0" elements="24" coveredelements="0"/>
    </file>
    <file name="/var/www/html/app/Repositories/BasicRepositoryContract.php">
      <metrics loc="13" ncloc="13" classes="0" methods="0" coveredmethods="0" conditionals="0" coveredconditionals="0" statements="0" coveredstatements="0" elements="0" coveredelements="0"/>
    </file>
    <file name="/var/www/html/app/Repositories/ConfigurationRepository.php">
      <class name="App\Repositories\ConfigurationRepository" namespace="global">
        <metrics complexity="3" methods="3" coveredmethods="3" conditionals="0" coveredconditionals="0" statements="4" coveredstatements="4" elements="7" coveredelements="7"/>
      </class>
      <line num="13" type="method" name="__construct" visibility="public" complexity="1" crap="1" count="2"/>
      <line num="15" type="stmt" count="2"/>
      <line num="16" type="stmt" count="2"/>
      <line num="19" type="method" name="getModel" visibility="protected" complexity="1" crap="1" count="1"/>
      <line num="21" type="stmt" count="1"/>
      <line num="24" type="method" name="getResource" visibility="protected" complexity="1" crap="1" count="1"/>
      <line num="26" type="stmt" count="1"/>
      <metrics loc="28" ncloc="28" classes="1" methods="3" coveredmethods="3" conditionals="0" coveredconditionals="0" statements="4" coveredstatements="4" elements="7" coveredelements="7"/>
    </file>
    <file name="/var/www/html/app/Repositories/CreditCardRepository.php">
      <class name="App\Repositories\CreditCardRepository" namespace="global">
        <metrics complexity="3" methods="3" coveredmethods="3" conditionals="0" coveredconditionals="0" statements="4" coveredstatements="4" elements="7" coveredelements="7"/>
      </class>
      <line num="13" type="method" name="__construct" visibility="public" complexity="1" crap="1" count="2"/>
      <line num="15" type="stmt" count="2"/>
      <line num="16" type="stmt" count="2"/>
      <line num="19" type="method" name="getModel" visibility="protected" complexity="1" crap="1" count="1"/>
      <line num="21" type="stmt" count="1"/>
      <line num="24" type="method" name="getResource" visibility="protected" complexity="1" crap="1" count="1"/>
      <line num="26" type="stmt" count="1"/>
      <metrics loc="28" ncloc="28" classes="1" methods="3" coveredmethods="3" conditionals="0" coveredconditionals="0" statements="4" coveredstatements="4" elements="7" coveredelements="7"/>
    </file>
    <file name="/var/www/html/app/Repositories/CreditCardTransactionRepository.php">
      <class name="App\Repositories\CreditCardTransactionRepository" namespace="global">
        <metrics complexity="6" methods="5" coveredmethods="3" conditionals="0" coveredconditionals="0" statements="11" coveredstatements="4" elements="16" coveredelements="7"/>
      </class>
      <line num="15" type="method" name="__construct" visibility="public" complexity="1" crap="1" count="2"/>
      <line num="17" type="stmt" count="2"/>
      <line num="18" type="stmt" count="2"/>
      <line num="21" type="method" name="getModel" visibility="protected" complexity="1" crap="1" count="1"/>
      <line num="23" type="stmt" count="1"/>
      <line num="26" type="method" name="getResource" visibility="protected" complexity="1" crap="1" count="1"/>
      <line num="28" type="stmt" count="1"/>
      <line num="31" type="method" name="getExpenses" visibility="public" complexity="1" crap="2" count="0"/>
      <line num="33" type="stmt" count="0"/>
      <line num="36" type="method" name="findByPeriod" visibility="public" complexity="2" crap="6" count="0"/>
      <line num="38" type="stmt" count="0"/>
      <line num="39" type="stmt" count="0"/>
      <line num="40" type="stmt" count="0"/>
      <line num="41" type="stmt" count="0"/>
      <line num="42" type="stmt" count="0"/>
      <line num="43" type="stmt" count="0"/>
      <metrics loc="45" ncloc="45" classes="1" methods="5" coveredmethods="3" conditionals="0" coveredconditionals="0" statements="11" coveredstatements="4" elements="16" coveredelements="7"/>
    </file>
[...]
      <line num="40" type="stmt" count="0"/>
      <line num="41" type="stmt" count="0"/>
      <line num="42" type="stmt" count="0"/>
      <line num="45" type="method" name="getTotalCreditCardExpenses" visibility="protected" complexity="1" crap="2" count="0"/>
      <line num="47" type="stmt" count="0"/>
      <line num="48" type="stmt" count="0"/>
      <line num="49" type="stmt" count="0"/>
      <line num="52" type="method" name="getTotalLeft" visibility="protected" complexity="1" crap="2" count="0"/>
      <line num="54" type="stmt" count="0"/>
      <line num="55" type="stmt" count="0"/>
      <line num="56" type="stmt" count="0"/>
      <line num="57" type="stmt" count="0"/>
      <line num="58" type="stmt" count="0"/>
      <line num="59" type="stmt" count="0"/>
      <line num="60" type="stmt" count="0"/>
      <line num="61" type="stmt" count="0"/>
      <line num="62" type="stmt" count="0"/>
      <line num="63" type="stmt" count="0"/>
      <metrics loc="65" ncloc="65" classes="1" methods="6" coveredmethods="0" conditionals="0" coveredconditionals="0" statements="31" coveredstatements="0" elements="37" coveredelements="0"/>
    </file>
    <file name="/var/www/html/app/Services/UserService.php">
      <class name="App\Services\UserService" namespace="global">
        <metrics complexity="8" methods="3" coveredmethods="0" conditionals="0" coveredconditionals="0" statements="15" coveredstatements="0" elements="18" coveredelements="0"/>
      </class>
      <line num="11" type="method" name="__construct" visibility="public" complexity="1" crap="2" count="0"/>
      <line num="13" type="stmt" count="0"/>
      <line num="16" type="method" name="getRepository" visibility="protected" complexity="1" crap="2" count="0"/>
      <line num="18" type="stmt" count="0"/>
      <line num="21" type="method" name="update" visibility="public" complexity="6" crap="42" count="0"/>
      <line num="23" type="stmt" count="0"/>
      <line num="24" type="stmt" count="0"/>
      <line num="25" type="stmt" count="0"/>
      <line num="27" type="stmt" count="0"/>
      <line num="28" type="stmt" count="0"/>
      <line num="30" type="stmt" count="0"/>
      <line num="31" type="stmt" count="0"/>
      <line num="33" type="stmt" count="0"/>
      <line num="34" type="stmt" count="0"/>
      <line num="36" type="stmt" count="0"/>
      <line num="37" type="stmt" count="0"/>
      <line num="38" type="stmt" count="0"/>
      <line num="40" type="stmt" count="0"/>
      <metrics loc="42" ncloc="42" classes="1" methods="3" coveredmethods="0" conditionals="0" coveredconditionals="0" statements="15" coveredstatements="0" elements="18" coveredelements="0"/>
    </file>
    <file name="/var/www/html/app/Services/WalletService.php">
      <class name="App\Services\WalletService" namespace="global">
        <metrics complexity="11" methods="6" coveredmethods="6" conditionals="0" coveredconditionals="0" statements="23" coveredstatements="23" elements="29" coveredelements="29"/>
      </class>
      <line num="13" type="method" name="__construct" visibility="public" complexity="1" crap="1" count="5"/>
      <line num="15" type="stmt" count="5"/>
      <line num="18" type="method" name="getRepository" visibility="protected" complexity="1" crap="1" count="4"/>
      <line num="20" type="stmt" count="4"/>
      <line num="27" type="method" name="findAllByType" visibility="public" complexity="1" crap="1" count="1"/>
      <line num="29" type="stmt" count="1"/>
      <line num="32" type="method" name="updateWalletValue" visibility="public" complexity="3" crap="3" count="2"/>
      <line num="34" type="stmt" count="2"/>
      <line num="35" type="stmt" count="2"/>
      <line num="36" type="stmt" count="2"/>
      <line num="37" type="stmt" count="1"/>
      <line num="38" type="stmt" count="1"/>
      <line num="39" type="stmt" count="1"/>
      <line num="41" type="stmt" count="2"/>
      <line num="42" type="stmt" count="2"/>
      <line num="43" type="stmt" count="2"/>
      <line num="46" type="method" name="update" visibility="public" complexity="3" crap="3" count="3"/>
      <line num="48" type="stmt" count="3"/>
      <line num="49" type="stmt" count="3"/>
      <line num="50" type="stmt" count="1"/>
      <line num="51" type="stmt" count="1"/>
      <line num="52" type="stmt" count="1"/>
      <line num="54" type="stmt" count="3"/>
      <line num="57" type="method" name="getTotalWalletValue" visibility="public" complexity="2" crap="2" count="1"/>
      <line num="59" type="stmt" count="1"/>
      <line num="60" type="stmt" count="1"/>
      <line num="61" type="stmt" count="1"/>
      <line num="62" type="stmt" count="1"/>
      <line num="64" type="stmt" count="1"/>
      <metrics loc="66" ncloc="62" classes="1" methods="6" coveredmethods="6" conditionals="0" coveredconditionals="0" statements="23" coveredstatements="23" elements="29" coveredelements="29"/>
    </file>
    <file name="/var/www/html/app/Tools/CalendarTools.php">
      <class name="App\Tools\CalendarTools" namespace="global">
        <metrics complexity="19" methods="14" coveredmethods="14" conditionals="0" coveredconditionals="0" statements="44" coveredstatements="44" elements="58" coveredelements="58"/>
      </class>
      <line num="13" type="method" name="salutation" visibility="public" complexity="5" crap="5" count="6"/>
      <line num="15" type="stmt" count="6"/>
      <line num="16" type="stmt" count="2"/>
      <line num="17" type="stmt" count="4"/>
      <line num="18" type="stmt" count="2"/>
      <line num="20" type="stmt" count="2"/>
      <line num="27" type="method" name="usToBrDate" visibility="public" complexity="1" crap="1" count="1"/>
      <line num="29" type="stmt" count="1"/>
      <line num="30" type="stmt" count="1"/>
      <line num="33" type="method" name="getThisMonth" visibility="public" complexity="1" crap="1" count="8"/>
      <line num="35" type="stmt" count="8"/>
      <line num="36" type="stmt" count="8"/>
      <line num="39" type="method" name="getThisYear" visibility="public" complexity="1" crap="1" count="10"/>
      <line num="41" type="stmt" count="10"/>
      <line num="42" type="stmt" count="10"/>
      <line num="45" type="method" name="getDateNow" visibility="public" complexity="1" crap="1" count="11"/>
      <line num="47" type="stmt" count="11"/>
      <line num="53" type="method" name="getMonthFromDate" visibility="public" complexity="1" crap="1" count="12"/>
      <line num="55" type="stmt" count="12"/>
      <line num="56" type="stmt" count="12"/>
      <line num="57" type="stmt" count="12"/>
      <line num="60" type="method" name="getDayFromDate" visibility="public" complexity="1" crap="1" count="31"/>
      <line num="62" type="stmt" count="31"/>
      <line num="63" type="stmt" count="31"/>
      <line num="66" type="method" name="getThisMonthPeriod" visibility="public" complexity="1" crap="1" count="17"/>
      <line num="68" type="stmt" count="17"/>
      <line num="69" type="stmt" count="17"/>
      <line num="70" type="stmt" count="17"/>
      <line num="71" type="stmt" count="17"/>
      <line num="74" type="method" name="getLastMonthPeriod" visibility="public" complexity="2" crap="2" count="12"/>
      <line num="76" type="stmt" count="12"/>
      <line num="77" type="stmt" count="1"/>
      <line num="78" type="stmt" count="1"/>
      <line num="80" type="stmt" count="11"/>
      <line num="81" type="stmt" count="11"/>
      <line num="83" type="stmt" count="12"/>
      <line num="84" type="stmt" count="12"/>
      <line num="85" type="stmt" count="12"/>
      <line num="86" type="stmt" count="12"/>
      <line num="89" type="method" name="getThisYearPeriod" visibility="public" complexity="1" crap="1" count="3"/>
      <line num="91" type="stmt" count="3"/>
      <line num="92" type="stmt" count="3"/>
      <line num="93" type="stmt" count="3"/>
      <line num="96" type="method" name="getLastDayOfData" visibility="public" complexity="1" crap="1" count="29"/>
      <line num="98" type="stmt" count="29"/>
      <line num="99" type="stmt" count="29"/>
      <line num="102" type="method" name="mountStringDateTime" visibility="public" complexity="1" crap="1" count="46"/>
      <line num="108" type="stmt" count="46"/>
      <line num="109" type="stmt" count="46"/>
      <line num="110" type="stmt" count="46"/>
      <line num="116" type="method" name="addMonthInDate" visibility="public" complexity="1" crap="1" count="28"/>
      <line num="118" type="stmt" count="28"/>
      <line num="119" type="stmt" count="28"/>
      <line num="120" type="stmt" count="28"/>
      <line num="126" type="method" name="getIntervalMonthPeriodByMonthAndYear" visibility="public" complexity="1" crap="1" count="14"/>
      <line num="128" type="stmt" count="14"/>
      <line num="129" type="stmt" count="14"/>
      <line num="130" type="stmt" count="14"/>
      <metrics loc="132" ncloc="120" classes="1" methods="14" coveredmethods="14" conditionals="0" coveredconditionals="0" statements="44" coveredstatements="44" elements="58" coveredelements="58"/>
    </file>
    <file name="/var/www/html/app/Tools/RequestTools.php">
      <class name="App\Tools\RequestTools" namespace="global">
        <metrics complexity="3" methods="3" coveredmethods="3" conditionals="0" coveredconditionals="0" statements="3" coveredstatements="3" elements="6" coveredelements="6"/>
      </class>
      <line num="7" type="method" name="inputPost" visibility="public" complexity="1" crap="1" count="1"/>
      <line num="9" type="stmt" count="1"/>
      <line num="12" type="method" name="inputPostAll" visibility="public" complexity="1" crap="1" count="1"/>
      <line num="14" type="stmt" count="1"/>
      <line num="17" type="method" name="inputGet" visibility="public" complexity="1" crap="1" count="1"/>
      <line num="19" type="stmt" count="1"/>
      <metrics loc="21" ncloc="21" classes="1" methods="3" coveredmethods="3" conditionals="0" coveredconditionals="0" statements="3" coveredstatements="3" elements="6" coveredelements="6"/>
    </file>
    <file name="/var/www/html/app/Tools/StringTools.php">
      <class name="App\Tools\StringTools" namespace="global">
        <metrics complexity="2" methods="2" coveredmethods="2" conditionals="0" coveredconditionals="0" statements="4" coveredstatements="4" elements="6" coveredelements="6"/>
      </class>
      <line num="7" type="method" name="moneyBr" visibility="public" complexity="1" crap="1" count="1"/>
      <line num="9" type="stmt" count="1"/>
      <line num="12" type="method" name="crudMoneyToFloat" visibility="public" complexity="1" crap="1" count="6"/>
      <line num="14" type="stmt" count="6"/>
      <line num="15" type="stmt" count="6"/>
      <line num="16" type="stmt" count="6"/>
      <metrics loc="18" ncloc="18" classes="1" methods="2" coveredmethods="2" conditionals="0" coveredconditionals="0" statements="4" coveredstatements="4" elements="6" coveredelements="6"/>
    </file>
    <file name="/var/www/html/app/VO/ConfigurationsVO.php">
      <class name="App\VO\ConfigurationsVO" namespace="global">
        <metrics complexity="1" methods="1" coveredmethods="1" conditionals="0" coveredconditionals="0" statements="4" coveredstatements="4" elements="5" coveredelements="5"/>
      </class>
      <line num="12" type="method" name="make" visibility="public" complexity="1" crap="1" count="1"/>
      <line num="14" type="stmt" count="1"/>
      <line num="15" type="stmt" count="1"/>
      <line num="16" type="stmt" count="1"/>
      <line num="17" type="stmt" count="1"/>
      <metrics loc="19" ncloc="19" classes="1" methods="1" coveredmethods="1" conditionals="0" coveredconditionals="0" statements="4" coveredstatements="4" elements="5" coveredelements="5"/>
    </file>
    <file name="/var/www/html/app/VO/CreditCardTransactionVO.php">
      <class name="App\VO\CreditCardTransactionVO" namespace="global">
        <metrics complexity="1" methods="1" coveredmethods="1" conditionals="0" coveredconditionals="0" statements="10" coveredstatements="10" elements="11" coveredelements="11"/>
      </class>
      <line num="16" type="method" name="makeCreditCardTransactionVO" visibility="public" complexity="1" crap="1" count="2"/>
      <line num="26" type="stmt" count="2"/>
      <line num="27" type="stmt" count="2"/>
      <line num="28" type="stmt" count="2"/>
      <line num="29" type="stmt" count="2"/>
      <line num="30" type="stmt" count="2"/>
      <line num="31" type="stmt" count="2"/>
      <line num="32" type="stmt" count="2"/>
      <line num="33" type="stmt" count="2"/>
      <line num="34" type="stmt" count="2"/>
      <line num="35" type="stmt" count="2"/>
      <metrics loc="37" ncloc="37" classes="1" methods="1" coveredmethods="1" conditionals="0" coveredconditionals="0" statements="10" coveredstatements="10" elements="11" coveredelements="11"/>
    </file>
    <file name="/var/www/html/app/VO/CreditCardVO.php">
      <class name="App\VO\CreditCardVO" namespace="global">
        <metrics complexity="1" methods="1" coveredmethods="1" conditionals="0" coveredconditionals="0" statements="9" coveredstatements="9" elements="10" coveredelements="10"/>
      </class>
      <line num="15" type="method" name="makeCreditCardVO" visibility="public" complexity="1" crap="1" count="1"/>
      <line num="24" type="stmt" count="1"/>
      <line num="25" type="stmt" count="1"/>
      <line num="26" type="stmt" count="1"/>
      <line num="27" type="stmt" count="1"/>
      <line num="28" type="stmt" count="1"/>
      <line num="29" type="stmt" count="1"/>
      <line num="30" type="stmt" count="1"/>
      <line num="31" type="stmt" count="1"/>
      <line num="32" type="stmt" count="1"/>
      <metrics loc="34" ncloc="34" classes="1" methods="1" coveredmethods="1" conditionals="0" coveredconditionals="0" statements="9" coveredstatements="9" elements="10" coveredelements="10"/>
    </file>
    <file name="/var/www/html/app/VO/FutureGainVO.php">
      <class name="App\VO\FutureGainVO" namespace="global">
        <metrics complexity="1" methods="1" coveredmethods="1" conditionals="0" coveredconditionals="0" statements="10" coveredstatements="10" elements="11" coveredelements="11"/>
      </class>
      <line num="19" type="method" name="__construct" visibility="public" complexity="1" crap="1" count="2"/>
      <line num="21" type="stmt" count="2"/>
      <line num="22" type="stmt" count="2"/>
      <line num="23" type="stmt" count="2"/>
      <line num="24" type="stmt" count="2"/>
      <line num="25" type="stmt" count="2"/>
      <line num="26" type="stmt" count="2"/>
      <line num="27" type="stmt" count="2"/>
      <line num="28" type="stmt" count="2"/>
      <line num="29" type="stmt" count="2"/>
      <line num="30" type="stmt" count="2"/>
      <metrics loc="32" ncloc="32" classes="1" methods="1" coveredmethods="1" conditionals="0" coveredconditionals="0" statements="10" coveredstatements="10" elements="11" coveredelements="11"/>
    </file>
    <file name="/var/www/html/app/VO/FutureSpentVO.php">
      <class name="App\VO\FutureSpentVO" namespace="global">
        <metrics complexity="1" methods="1" coveredmethods="1" conditionals="0" coveredconditionals="0" statements="10" coveredstatements="10" elements="11" coveredelements="11"/>
      </class>
      <line num="19" type="method" name="__construct" visibility="public" complexity="1" crap="1" count="2"/>
      <line num="21" type="stmt" count="2"/>
      <line num="22" type="stmt" count="2"/>
      <line num="23" type="stmt" count="2"/>
      <line num="24" type="stmt" count="2"/>
      <line num="25" type="stmt" count="2"/>
      <line num="26" type="stmt" count="2"/>
      <line num="27" type="stmt" count="2"/>
      <line num="28" type="stmt" count="2"/>
      <line num="29" type="stmt" count="2"/>
      <line num="30" type="stmt" count="2"/>
      <metrics loc="32" ncloc="32" classes="1" methods="1" coveredmethods="1" conditionals="0" coveredconditionals="0" statements="10" coveredstatements="10" elements="11" coveredelements="11"/>
    </file>
    <file name="/var/www/html/app/VO/InvoiceVO.php">
      <class name="App\VO\InvoiceVO" namespace="global">
        <metrics complexity="1" methods="1" coveredmethods="1" conditionals="0" coveredconditionals="0" statements="14" coveredstatements="14" elements="15" coveredelements="15"/>
      </class>
      <line num="22" type="method" name="makeInvoice" visibility="public" complexity="1" crap="1" count="23"/>
      <line num="24" type="stmt" count="23"/>
      <line num="25" type="stmt" count="23"/>
      <line num="26" type="stmt" count="23"/>
      <line num="27" type="stmt" count="23"/>
      <line num="28" type="stmt" count="23"/>
      <line num="29" type="stmt" count="23"/>
      <line num="30" type="stmt" count="23"/>
      <line num="31" type="stmt" count="23"/>
      <line num="32" type="stmt" count="23"/>
      <line num="33" type="stmt" count="23"/>
      <line num="34" type="stmt" count="23"/>
      <line num="35" type="stmt" count="23"/>
      <line num="36" type="stmt" count="23"/>
      <line num="37" type="stmt" count="23"/>
      <metrics loc="39" ncloc="39" classes="1" methods="1" coveredmethods="1" conditionals="0" coveredconditionals="0" statements="14" coveredstatements="14" elements="15" coveredelements="15"/>
    </file>
    <file name="/var/www/html/app/VO/MovementVO.php">
      <class name="App\VO\MovementVO" namespace="global">
        <metrics complexity="0" methods="0" coveredmethods="0" conditionals="0" coveredconditionals="0" statements="0" coveredstatements="0" elements="0" coveredelements="0"/>
      </class>
      <metrics loc="15" ncloc="15" classes="0" methods="0" coveredmethods="0" conditionals="0" coveredconditionals="0" statements="0" coveredstatements="0" elements="0" coveredelements="0"/>
    </file>
    <file name="/var/www/html/app/VO/UserVO.php">
      <class name="App\VO\UserVO" namespace="global">
        <metrics complexity="1" methods="1" coveredmethods="1" conditionals="0" coveredconditionals="0" statements="6" coveredstatements="6" elements="7" coveredelements="7"/>
      </class>
      <line num="14" type="method" name="make" visibility="public" complexity="1" crap="1" count="2"/>
      <line num="16" type="stmt" count="2"/>
      <line num="17" type="stmt" count="2"/>
      <line num="18" type="stmt" count="2"/>
      <line num="19" type="stmt" count="2"/>
      <line num="20" type="stmt" count="2"/>
      <line num="21" type="stmt" count="2"/>
      <metrics loc="23" ncloc="23" classes="1" methods="1" coveredmethods="1" conditionals="0" coveredconditionals="0" statements="6" coveredstatements="6" elements="7" coveredelements="7"/>
    </file>
    <file name="/var/www/html/app/VO/WalletVO.php">
      <class name="App\VO\WalletVO" namespace="global">
        <metrics complexity="1" methods="1" coveredmethods="1" conditionals="0" coveredconditionals="0" statements="8" coveredstatements="8" elements="9" coveredelements="9"/>
      </class>
      <line num="14" type="method" name="makeWalletVO" visibility="public" complexity="1" crap="1" count="3"/>
      <line num="22" type="stmt" count="3"/>
      <line num="23" type="stmt" count="3"/>
      <line num="24" type="stmt" count="3"/>
      <line num="25" type="stmt" count="3"/>
      <line num="26" type="stmt" count="3"/>
      <line num="27" type="stmt" count="3"/>
      <line num="28" type="stmt" count="3"/>
      <line num="29" type="stmt" count="3"/>
      <metrics loc="31" ncloc="31" classes="1" methods="1" coveredmethods="1" conditionals="0" coveredconditionals="0" statements="8" coveredstatements="8" elements="9" coveredelements="9"/>
    </file>
    <metrics files="96" loc="5050" ncloc="4350" classes="75" methods="399" coveredmethods="286" conditionals="0" coveredconditionals="0" statements="1257" coveredstatements="814" elements="1656" coveredelements="1100"/>
  </project>
</coverage>
